0 info it worked if it ends with ok
1 verbose cli [ '/usr/local/bin/node',
1 verbose cli   '/usr/local/bin/npm',
1 verbose cli   'run',
1 verbose cli   'build:dev' ]
2 info using npm@3.10.10
3 info using node@v6.11.2
4 verbose run-script [ 'prebuild:dev', 'build:dev', 'postbuild:dev' ]
5 info lifecycle cardsforhumanity@1.0.0~prebuild:dev: cardsforhumanity@1.0.0
6 silly lifecycle cardsforhumanity@1.0.0~prebuild:dev: no script for prebuild:dev, continuing
7 info lifecycle cardsforhumanity@1.0.0~build:dev: cardsforhumanity@1.0.0
8 verbose lifecycle cardsforhumanity@1.0.0~build:dev: unsafe-perm in lifecycle true
9 verbose lifecycle cardsforhumanity@1.0.0~build:dev: PATH: /usr/local/lib/node_modules/npm/bin/node-gyp-bin:/Users/andeladeveloper/Desktop/matterhorn-cfh/node_modules/.bin:/usr/local/bin:/usr/bin:/bin:/usr/sbin:/sbin
10 verbose lifecycle cardsforhumanity@1.0.0~build:dev: CWD: /Users/andeladeveloper/Desktop/matterhorn-cfh
11 silly lifecycle cardsforhumanity@1.0.0~build:dev: Args: [ '-c', 'node node_modules/gulp/bin/gulp build:dev' ]
12 silly lifecycle cardsforhumanity@1.0.0~build:dev: Returned: code: 1  signal: null
13 info lifecycle cardsforhumanity@1.0.0~build:dev: Failed to exec build:dev script
14 verbose stack Error: cardsforhumanity@1.0.0 build:dev: `node node_modules/gulp/bin/gulp build:dev`
14 verbose stack Exit status 1
14 verbose stack     at EventEmitter.<anonymous> (/usr/local/lib/node_modules/npm/lib/utils/lifecycle.js:255:16)
14 verbose stack     at emitTwo (events.js:106:13)
14 verbose stack     at EventEmitter.emit (events.js:191:7)
14 verbose stack     at ChildProcess.<anonymous> (/usr/local/lib/node_modules/npm/lib/utils/spawn.js:40:14)
14 verbose stack     at emitTwo (events.js:106:13)
14 verbose stack     at ChildProcess.emit (events.js:191:7)
14 verbose stack     at maybeClose (internal/child_process.js:891:16)
14 verbose stack     at Process.ChildProcess._handle.onexit (internal/child_process.js:226:5)
15 verbose pkgid cardsforhumanity@1.0.0
16 verbose cwd /Users/andeladeveloper/Desktop/matterhorn-cfh
17 error Darwin 16.7.0
18 error argv "/usr/local/bin/node" "/usr/local/bin/npm" "run" "build:dev"
19 error node v6.11.2
20 error npm  v3.10.10
21 error code ELIFECYCLE
22 error cardsforhumanity@1.0.0 build:dev: `node node_modules/gulp/bin/gulp build:dev`
22 error Exit status 1
23 error Failed at the cardsforhumanity@1.0.0 build:dev script 'node node_modules/gulp/bin/gulp build:dev'.
23 error Make sure you have the latest version of node.js and npm installed.
23 error If you do, this is most likely a problem with the cardsforhumanity package,
23 error not with npm itself.
23 error Tell the author that this fails on your system:
23 error     node node_modules/gulp/bin/gulp build:dev
23 error You can get information on how to open an issue for this project with:
23 error     npm bugs cardsforhumanity
23 error Or if that isn't available, you can get their info via:
23 error     npm owner ls cardsforhumanity
23 error There is likely additional logging output above.
24 verbose exit [ 1, true ]
